#! /usr/local/bin/vvp
:ivl_version "0.10.0 (devel)" "(s20150513)";
:ivl_delay_selection "TYPICAL";
:vpi_time_precision + 0;
:vpi_module "system";
:vpi_module "vhdl_sys";
:vpi_module "v2005_math";
:vpi_module "va_math";
S_0x19ec150 .scope module, "FAdec_tb" "FAdec_tb" 2 1;
 .timescale 0 0;
v0x1a19a60_0 .net "CF", 0 0, L_0x1a1d720;  1 drivers
v0x1a19b30_0 .net "SF", 0 0, L_0x1a1d030;  1 drivers
v0x1a19c00_0 .var "x", 2 0;
S_0x19ea270 .scope module, "uut" "FAdec" 2 7, 3 2 0, S_0x19ec150;
 .timescale 0 0;
    .port_info 0 /OUTPUT 1 "C"
    .port_info 1 /OUTPUT 1 "S"
    .port_info 2 /INPUT 3 "a"
L_0x1a1cd20 .functor OR 1, L_0x1a1cb50, L_0x1a1cbf0, C4<0>, C4<0>;
L_0x1a1ce80 .functor OR 1, L_0x1a1cd20, L_0x1a1cde0, C4<0>, C4<0>;
L_0x1a1d030 .functor OR 1, L_0x1a1ce80, L_0x1a1cf90, C4<0>, C4<0>;
L_0x1a1cc90 .functor OR 1, L_0x1a1d190, L_0x1a1d230, C4<0>, C4<0>;
L_0x1a1d520 .functor OR 1, L_0x1a1cc90, L_0x1a1d480, C4<0>, C4<0>;
L_0x1a1d720 .functor OR 1, L_0x1a1d520, L_0x1a1d630, C4<0>, C4<0>;
v0x1a18bd0_0 .net "C", 0 0, L_0x1a1d720;  alias, 1 drivers
v0x1a18c90_0 .net "F", 7 0, L_0x1a1c8d0;  1 drivers
v0x1a18d80_0 .net "S", 0 0, L_0x1a1d030;  alias, 1 drivers
v0x1a18e50_0 .net *"_s1", 0 0, L_0x1a1cb50;  1 drivers
v0x1a18f10_0 .net *"_s11", 0 0, L_0x1a1cf90;  1 drivers
v0x1a18ff0_0 .net *"_s15", 0 0, L_0x1a1d190;  1 drivers
v0x1a190d0_0 .net *"_s17", 0 0, L_0x1a1d230;  1 drivers
v0x1a191b0_0 .net *"_s18", 0 0, L_0x1a1cc90;  1 drivers
v0x1a19290_0 .net *"_s21", 0 0, L_0x1a1d480;  1 drivers
v0x1a19400_0 .net *"_s22", 0 0, L_0x1a1d520;  1 drivers
v0x1a194e0_0 .net *"_s25", 0 0, L_0x1a1d630;  1 drivers
v0x1a195c0_0 .net *"_s3", 0 0, L_0x1a1cbf0;  1 drivers
v0x1a196a0_0 .net *"_s4", 0 0, L_0x1a1cd20;  1 drivers
v0x1a19780_0 .net *"_s7", 0 0, L_0x1a1cde0;  1 drivers
v0x1a19860_0 .net *"_s8", 0 0, L_0x1a1ce80;  1 drivers
v0x1a19940_0 .net "a", 2 0, v0x1a19c00_0;  1 drivers
L_0x1a1cb50 .part L_0x1a1c8d0, 1, 1;
L_0x1a1cbf0 .part L_0x1a1c8d0, 2, 1;
L_0x1a1cde0 .part L_0x1a1c8d0, 4, 1;
L_0x1a1cf90 .part L_0x1a1c8d0, 7, 1;
L_0x1a1d190 .part L_0x1a1c8d0, 3, 1;
L_0x1a1d230 .part L_0x1a1c8d0, 5, 1;
L_0x1a1d480 .part L_0x1a1c8d0, 6, 1;
L_0x1a1d630 .part L_0x1a1c8d0, 7, 1;
S_0x19e2040 .scope module, "dec" "dec3x8" 3 4, 4 10 0, S_0x19ea270;
 .timescale 0 0;
    .port_info 0 /OUTPUT 8 "Y"
    .port_info 1 /INPUT 3 "A"
L_0x1a1b360 .functor NOT 1, L_0x1a1b2c0, C4<0>, C4<0>, C4<0>;
v0x1a188f0_0 .net "A", 2 0, v0x1a19c00_0;  alias, 1 drivers
v0x1a189d0_0 .net "Y", 7 0, L_0x1a1c8d0;  alias, 1 drivers
v0x1a18ab0_0 .net *"_s3", 0 0, L_0x1a1b2c0;  1 drivers
L_0x1a1b2c0 .part v0x1a19c00_0, 2, 1;
L_0x1a1b3d0 .part v0x1a19c00_0, 0, 2;
L_0x1a1c8d0 .concat8 [ 4 4 0 0], L_0x1a1ac30, L_0x1a1c240;
L_0x1a1ca10 .part v0x1a19c00_0, 2, 1;
L_0x1a1cab0 .part v0x1a19c00_0, 0, 2;
S_0x19e8690 .scope module, "dec0" "dec2x4" 4 11, 4 3 0, S_0x19e2040;
 .timescale 0 0;
    .port_info 0 /OUTPUT 4 "Y"
    .port_info 1 /INPUT 1 "EN"
    .port_info 2 /INPUT 2 "A"
L_0x1a19da0 .functor NOT 1, L_0x1a19cd0, C4<0>, C4<0>, C4<0>;
L_0x1a19f80 .functor NOT 1, L_0x1a19e90, C4<0>, C4<0>, C4<0>;
L_0x1a1a040 .functor AND 1, L_0x1a19da0, L_0x1a19f80, C4<1>, C4<1>;
L_0x1a1a150 .functor AND 1, L_0x1a1a040, L_0x1a1b360, C4<1>, C4<1>;
L_0x1a1a2e0 .functor NOT 1, L_0x1a1a210, C4<0>, C4<0>, C4<0>;
L_0x1a1a530 .functor AND 1, L_0x1a1a2e0, L_0x1a1a3d0, C4<1>, C4<1>;
L_0x1a1a660 .functor AND 1, L_0x1a1a530, L_0x1a1b360, C4<1>, C4<1>;
L_0x1a1a8f0 .functor NOT 1, L_0x1a1a810, C4<0>, C4<0>, C4<0>;
L_0x1a1aa00 .functor AND 1, L_0x1a1a770, L_0x1a1a8f0, C4<1>, C4<1>;
L_0x1a1ab10 .functor AND 1, L_0x1a1aa00, L_0x1a1b360, C4<1>, C4<1>;
L_0x1a1a470 .functor AND 1, L_0x1a1ad70, L_0x1a1ae60, C4<1>, C4<1>;
L_0x1a1b0b0 .functor AND 1, L_0x1a1a470, L_0x1a1b360, C4<1>, C4<1>;
v0x19e26c0_0 .net "A", 1 0, L_0x1a1b3d0;  1 drivers
v0x1a15c10_0 .net "EN", 0 0, L_0x1a1b360;  1 drivers
v0x1a15cd0_0 .net "Y", 3 0, L_0x1a1ac30;  1 drivers
v0x1a15dc0_0 .net *"_s10", 0 0, L_0x1a1a040;  1 drivers
v0x1a15ea0_0 .net *"_s12", 0 0, L_0x1a1a150;  1 drivers
v0x1a15fd0_0 .net *"_s17", 0 0, L_0x1a1a210;  1 drivers
v0x1a160b0_0 .net *"_s18", 0 0, L_0x1a1a2e0;  1 drivers
v0x1a16190_0 .net *"_s21", 0 0, L_0x1a1a3d0;  1 drivers
v0x1a16270_0 .net *"_s22", 0 0, L_0x1a1a530;  1 drivers
v0x1a163e0_0 .net *"_s24", 0 0, L_0x1a1a660;  1 drivers
v0x1a164c0_0 .net *"_s29", 0 0, L_0x1a1a770;  1 drivers
v0x1a165a0_0 .net *"_s3", 0 0, L_0x1a19cd0;  1 drivers
v0x1a16680_0 .net *"_s31", 0 0, L_0x1a1a810;  1 drivers
v0x1a16760_0 .net *"_s32", 0 0, L_0x1a1a8f0;  1 drivers
v0x1a16840_0 .net *"_s34", 0 0, L_0x1a1aa00;  1 drivers
v0x1a16920_0 .net *"_s36", 0 0, L_0x1a1ab10;  1 drivers
v0x1a16a00_0 .net *"_s4", 0 0, L_0x1a19da0;  1 drivers
v0x1a16bb0_0 .net *"_s42", 0 0, L_0x1a1ad70;  1 drivers
v0x1a16c50_0 .net *"_s44", 0 0, L_0x1a1ae60;  1 drivers
v0x1a16d30_0 .net *"_s45", 0 0, L_0x1a1a470;  1 drivers
v0x1a16e10_0 .net *"_s47", 0 0, L_0x1a1b0b0;  1 drivers
v0x1a16ef0_0 .net *"_s7", 0 0, L_0x1a19e90;  1 drivers
v0x1a16fd0_0 .net *"_s8", 0 0, L_0x1a19f80;  1 drivers
L_0x1a19cd0 .part L_0x1a1b3d0, 1, 1;
L_0x1a19e90 .part L_0x1a1b3d0, 0, 1;
L_0x1a1a210 .part L_0x1a1b3d0, 1, 1;
L_0x1a1a3d0 .part L_0x1a1b3d0, 0, 1;
L_0x1a1a770 .part L_0x1a1b3d0, 1, 1;
L_0x1a1a810 .part L_0x1a1b3d0, 0, 1;
L_0x1a1ac30 .concat8 [ 1 1 1 1], L_0x1a1a150, L_0x1a1a660, L_0x1a1ab10, L_0x1a1b0b0;
L_0x1a1ad70 .part L_0x1a1b3d0, 1, 1;
L_0x1a1ae60 .part L_0x1a1b3d0, 0, 1;
S_0x1a17130 .scope module, "dec1" "dec2x4" 4 12, 4 3 0, S_0x19e2040;
 .timescale 0 0;
    .port_info 0 /OUTPUT 4 "Y"
    .port_info 1 /INPUT 1 "EN"
    .port_info 2 /INPUT 2 "A"
L_0x1a1b5a0 .functor NOT 1, L_0x1a1b500, C4<0>, C4<0>, C4<0>;
L_0x1a1b700 .functor NOT 1, L_0x1a1b610, C4<0>, C4<0>, C4<0>;
L_0x1a1b7c0 .functor AND 1, L_0x1a1b5a0, L_0x1a1b700, C4<1>, C4<1>;
L_0x1a1b8d0 .functor AND 1, L_0x1a1b7c0, L_0x1a1ca10, C4<1>, C4<1>;
L_0x1a1ba30 .functor NOT 1, L_0x1a1b990, C4<0>, C4<0>, C4<0>;
L_0x1a1bc20 .functor AND 1, L_0x1a1ba30, L_0x1a1baf0, C4<1>, C4<1>;
L_0x1a1bd10 .functor AND 1, L_0x1a1bc20, L_0x1a1ca10, C4<1>, C4<1>;
L_0x1a1bf60 .functor NOT 1, L_0x1a1bec0, C4<0>, C4<0>, C4<0>;
L_0x1a1c070 .functor AND 1, L_0x1a1be20, L_0x1a1bf60, C4<1>, C4<1>;
L_0x1a1c180 .functor AND 1, L_0x1a1c070, L_0x1a1ca10, C4<1>, C4<1>;
L_0x1a1bb90 .functor AND 1, L_0x1a1c380, L_0x1a1c470, C4<1>, C4<1>;
L_0x1a1c6c0 .functor AND 1, L_0x1a1bb90, L_0x1a1ca10, C4<1>, C4<1>;
v0x1a17300_0 .net "A", 1 0, L_0x1a1cab0;  1 drivers
v0x1a17400_0 .net "EN", 0 0, L_0x1a1ca10;  1 drivers
v0x1a174c0_0 .net "Y", 3 0, L_0x1a1c240;  1 drivers
v0x1a17580_0 .net *"_s10", 0 0, L_0x1a1b7c0;  1 drivers
v0x1a17660_0 .net *"_s12", 0 0, L_0x1a1b8d0;  1 drivers
v0x1a17790_0 .net *"_s17", 0 0, L_0x1a1b990;  1 drivers
v0x1a17870_0 .net *"_s18", 0 0, L_0x1a1ba30;  1 drivers
v0x1a17950_0 .net *"_s21", 0 0, L_0x1a1baf0;  1 drivers
v0x1a17a30_0 .net *"_s22", 0 0, L_0x1a1bc20;  1 drivers
v0x1a17ba0_0 .net *"_s24", 0 0, L_0x1a1bd10;  1 drivers
v0x1a17c80_0 .net *"_s29", 0 0, L_0x1a1be20;  1 drivers
v0x1a17d60_0 .net *"_s3", 0 0, L_0x1a1b500;  1 drivers
v0x1a17e40_0 .net *"_s31", 0 0, L_0x1a1bec0;  1 drivers
v0x1a17f20_0 .net *"_s32", 0 0, L_0x1a1bf60;  1 drivers
v0x1a18000_0 .net *"_s34", 0 0, L_0x1a1c070;  1 drivers
v0x1a180e0_0 .net *"_s36", 0 0, L_0x1a1c180;  1 drivers
v0x1a181c0_0 .net *"_s4", 0 0, L_0x1a1b5a0;  1 drivers
v0x1a18370_0 .net *"_s42", 0 0, L_0x1a1c380;  1 drivers
v0x1a18410_0 .net *"_s44", 0 0, L_0x1a1c470;  1 drivers
v0x1a184f0_0 .net *"_s45", 0 0, L_0x1a1bb90;  1 drivers
v0x1a185d0_0 .net *"_s47", 0 0, L_0x1a1c6c0;  1 drivers
v0x1a186b0_0 .net *"_s7", 0 0, L_0x1a1b610;  1 drivers
v0x1a18790_0 .net *"_s8", 0 0, L_0x1a1b700;  1 drivers
L_0x1a1b500 .part L_0x1a1cab0, 1, 1;
L_0x1a1b610 .part L_0x1a1cab0, 0, 1;
L_0x1a1b990 .part L_0x1a1cab0, 1, 1;
L_0x1a1baf0 .part L_0x1a1cab0, 0, 1;
L_0x1a1be20 .part L_0x1a1cab0, 1, 1;
L_0x1a1bec0 .part L_0x1a1cab0, 0, 1;
L_0x1a1c240 .concat8 [ 1 1 1 1], L_0x1a1b8d0, L_0x1a1bd10, L_0x1a1c180, L_0x1a1c6c0;
L_0x1a1c380 .part L_0x1a1cab0, 1, 1;
L_0x1a1c470 .part L_0x1a1cab0, 0, 1;
    .scope S_0x19ec150;
T_0 ;
    %delay 5, 0;
    %load/vec4 v0x1a19c00_0;
    %parti/s 1, 0, 2;
    %inv;
    %ix/load 4, 0, 0;
    %flag_set/imm 4, 0;
    %store/vec4 v0x1a19c00_0, 4, 1;
    %jmp T_0;
    .thread T_0;
    .scope S_0x19ec150;
T_1 ;
    %delay 10, 0;
    %load/vec4 v0x1a19c00_0;
    %parti/s 1, 1, 2;
    %inv;
    %ix/load 4, 1, 0;
    %flag_set/imm 4, 0;
    %store/vec4 v0x1a19c00_0, 4, 1;
    %jmp T_1;
    .thread T_1;
    .scope S_0x19ec150;
T_2 ;
    %delay 20, 0;
    %load/vec4 v0x1a19c00_0;
    %parti/s 1, 2, 3;
    %inv;
    %ix/load 4, 2, 0;
    %flag_set/imm 4, 0;
    %store/vec4 v0x1a19c00_0, 4, 1;
    %jmp T_2;
    .thread T_2;
    .scope S_0x19ec150;
T_3 ;
    %pushi/vec4 0, 0, 3;
    %store/vec4 v0x1a19c00_0, 0, 3;
    %vpi_call 2 18 "$display", "time \011 x .... \012" {0 0 0};
    %vpi_call 2 19 "$monitor", "%g   \011 %d \011 %d \011 %d \011 %d \011 %d", $time, &PV<v0x1a19c00_0, 2, 1>, &PV<v0x1a19c00_0, 1, 1>, &PV<v0x1a19c00_0, 0, 1>, v0x1a19a60_0, v0x1a19b30_0 {0 0 0};
    %delay 36, 0;
    %vpi_call 2 21 "$finish" {0 0 0};
    %end;
    .thread T_3;
# The file index is used to find the file name in the following table.
:file_names 5;
    "N/A";
    "<interactive>";
    "FAdec_tb.v";
    "FAdec.v";
    "../decoder/decoder.v";
